<?xml version="1.0" encoding="UTF-8"?>
<!-- Generated by org.testng.reporters.JUnitReportReporter -->
<testsuite skipped="24" hostname="LIN25002214" name="com.boomi.testcases.TC_RunEveryday" tests="35" failures="4" timestamp="2021-01-05T11:57:20 GMT" time="1184.834" errors="1">
  <testcase name="test_LIMS_to_CDR_PRODUCT_SPEC" time="45.728" classname="com.boomi.testcases.TC_RunEveryday">
    <skipped/>
  </testcase> <!-- test_LIMS_to_CDR_PRODUCT_SPEC -->
  <system-out/>
  <testcase name="test_OraFin_to_Tungsten_InvoicePymt_Passthru" time="49.564" classname="com.boomi.testcases.TC_RunEveryday">
    <skipped/>
  </testcase> <!-- test_OraFin_to_Tungsten_InvoicePymt_Passthru -->
  <system-out/>
  <testcase name="test_Unifier_to_OraFin_VoucherNA_Opex_submitESSJobRequest" time="67.045" classname="com.boomi.testcases.TC_RunEveryday">
    <skipped/>
  </testcase> <!-- test_Unifier_to_OraFin_VoucherNA_Opex_submitESSJobRequest -->
  <system-out/>
  <testcase name="test_LIMS_to_CDR_WaterSource" time="67.325" classname="com.boomi.testcases.TC_RunEveryday">
    <skipped/>
  </testcase> <!-- test_LIMS_to_CDR_WaterSource -->
  <system-out/>
  <testcase name="test_WUB_to_OraFin_InvcCreditNotesProject" time="49.592" classname="com.boomi.testcases.TC_RunEveryday">
    <skipped/>
  </testcase> <!-- test_WUB_to_OraFin_InvcCreditNotesProject -->
  <system-out/>
  <testcase name="test_WUB_to_OraFin_ReceiptsCM" time="56.987" classname="com.boomi.testcases.TC_RunEveryday">
    <skipped/>
  </testcase> <!-- test_WUB_to_OraFin_ReceiptsCM -->
  <system-out/>
  <testcase name="test_LIMS_to_CDR_Sampling_Point" time="51.980" classname="com.boomi.testcases.TC_RunEveryday">
    <skipped/>
  </testcase> <!-- test_LIMS_to_CDR_Sampling_Point -->
  <system-out/>
  <testcase name="test_Main_LIMS_to_CDR_PSP_Q_T_RESULT" time="54.823" classname="com.boomi.testcases.TC_RunEveryday">
    <skipped/>
  </testcase> <!-- test_Main_LIMS_to_CDR_PSP_Q_T_RESULT -->
  <system-out/>
  <testcase name="test_CISP_to_JMS_T_CapProject" time="107.546" classname="com.boomi.testcases.TC_RunEveryday"/>
  <system-out/>
  <testcase name="test_Ellipse_to_JMS_Q_WOCost_XML_WOStockIssue" time="147.023" classname="com.boomi.testcases.TC_RunEveryday"/>
  <system-out/>
  <testcase name="test_LIMS_To_CDR_Customer" time="20.827" classname="com.boomi.testcases.TC_RunEveryday">
    <failure type="java.lang.AssertionError" message="null">
      <![CDATA[java.lang.AssertionError: null
at org.testng.Assert.fail(Assert.java:97)
at org.testng.Assert.fail(Assert.java:102)
at com.boomi.pages.CommonFilters.duration(CommonFilters.java:279)
at com.boomi.pages.CommonFilters.applyCommonFiltersAndFetchData(CommonFilters.java:580)
at com.boomi.testcases.TC_RunEveryday.test_LIMS_To_CDR_Customer(TC_RunEveryday.java:498)
at sun.reflect.NativeMethodAccessorImpl.invoke0(Native Method)
at sun.reflect.NativeMethodAccessorImpl.invoke(Unknown Source)
at sun.reflect.DelegatingMethodAccessorImpl.invoke(Unknown Source)
at java.lang.reflect.Method.invoke(Unknown Source)
at org.testng.internal.MethodInvocationHelper.invokeMethod(MethodInvocationHelper.java:134)
at org.testng.internal.TestInvoker.invokeMethod(TestInvoker.java:597)
at org.testng.internal.TestInvoker.invokeTestMethod(TestInvoker.java:173)
at org.testng.internal.MethodRunner.runInSequence(MethodRunner.java:46)
at org.testng.internal.TestInvoker$MethodInvocationAgent.invoke(TestInvoker.java:816)
at org.testng.internal.TestInvoker.invokeTestMethods(TestInvoker.java:146)
at org.testng.internal.TestMethodWorker.invokeTestMethods(TestMethodWorker.java:146)
at org.testng.internal.TestMethodWorker.run(TestMethodWorker.java:128)
at java.util.ArrayList.forEach(Unknown Source)
at org.testng.TestRunner.privateRun(TestRunner.java:766)
at org.testng.TestRunner.run(TestRunner.java:587)
at org.testng.SuiteRunner.runTest(SuiteRunner.java:384)
at org.testng.SuiteRunner.runSequentially(SuiteRunner.java:378)
at org.testng.SuiteRunner.privateRun(SuiteRunner.java:337)
at org.testng.SuiteRunner.run(SuiteRunner.java:286)
at org.testng.SuiteRunnerWorker.runSuite(SuiteRunnerWorker.java:53)
at org.testng.SuiteRunnerWorker.run(SuiteRunnerWorker.java:96)
at org.testng.TestNG.runSuitesSequentially(TestNG.java:1187)
at org.testng.TestNG.runSuitesLocally(TestNG.java:1109)
at org.testng.TestNG.runSuites(TestNG.java:1039)
at org.testng.TestNG.run(TestNG.java:1007)
at org.testng.remote.AbstractRemoteTestNG.run(AbstractRemoteTestNG.java:115)
at org.testng.remote.RemoteTestNG.initAndRun(RemoteTestNG.java:251)
at org.testng.remote.RemoteTestNG.main(RemoteTestNG.java:77)
]]>
    </failure>
  </testcase> <!-- test_LIMS_To_CDR_Customer -->
  <system-out/>
  <testcase name="test_Ellipse_to_JMS_Q_WOActivity" time="99.195" classname="com.boomi.testcases.TC_RunEveryday"/>
  <system-out/>
  <testcase name="test_Unifier_to_OraFin_VoucherNA_Capex_submitESSJobRequest" time="0.000" classname="com.boomi.testcases.TC_RunEveryday">
    <skipped/>
  </testcase> <!-- test_Unifier_to_OraFin_VoucherNA_Capex_submitESSJobRequest -->
  <system-out/>
  <testcase name="test_JMS_Q_to_OraFin_Uplift_Provisions" time="53.307" classname="com.boomi.testcases.TC_RunEveryday">
    <failure type="java.lang.AssertionError" message="null">
      <![CDATA[java.lang.AssertionError: null
at org.testng.Assert.fail(Assert.java:97)
at org.testng.Assert.fail(Assert.java:102)
at com.boomi.pages.CommonFilters.selectProcess(CommonFilters.java:330)
at com.boomi.pages.CommonFilters.applyCommonFiltersAndFetchData(CommonFilters.java:584)
at com.boomi.testcases.TC_RunEveryday.test_JMS_Q_to_OraFin_Uplift_Provisions(TC_RunEveryday.java:126)
at sun.reflect.NativeMethodAccessorImpl.invoke0(Native Method)
at sun.reflect.NativeMethodAccessorImpl.invoke(Unknown Source)
at sun.reflect.DelegatingMethodAccessorImpl.invoke(Unknown Source)
at java.lang.reflect.Method.invoke(Unknown Source)
at org.testng.internal.MethodInvocationHelper.invokeMethod(MethodInvocationHelper.java:134)
at org.testng.internal.TestInvoker.invokeMethod(TestInvoker.java:597)
at org.testng.internal.TestInvoker.invokeTestMethod(TestInvoker.java:173)
at org.testng.internal.MethodRunner.runInSequence(MethodRunner.java:46)
at org.testng.internal.TestInvoker$MethodInvocationAgent.invoke(TestInvoker.java:816)
at org.testng.internal.TestInvoker.invokeTestMethods(TestInvoker.java:146)
at org.testng.internal.TestMethodWorker.invokeTestMethods(TestMethodWorker.java:146)
at org.testng.internal.TestMethodWorker.run(TestMethodWorker.java:128)
at java.util.ArrayList.forEach(Unknown Source)
at org.testng.TestRunner.privateRun(TestRunner.java:766)
at org.testng.TestRunner.run(TestRunner.java:587)
at org.testng.SuiteRunner.runTest(SuiteRunner.java:384)
at org.testng.SuiteRunner.runSequentially(SuiteRunner.java:378)
at org.testng.SuiteRunner.privateRun(SuiteRunner.java:337)
at org.testng.SuiteRunner.run(SuiteRunner.java:286)
at org.testng.SuiteRunnerWorker.runSuite(SuiteRunnerWorker.java:53)
at org.testng.SuiteRunnerWorker.run(SuiteRunnerWorker.java:96)
at org.testng.TestNG.runSuitesSequentially(TestNG.java:1187)
at org.testng.TestNG.runSuitesLocally(TestNG.java:1109)
at org.testng.TestNG.runSuites(TestNG.java:1039)
at org.testng.TestNG.run(TestNG.java:1007)
at org.testng.remote.AbstractRemoteTestNG.run(AbstractRemoteTestNG.java:115)
at org.testng.remote.RemoteTestNG.initAndRun(RemoteTestNG.java:251)
at org.testng.remote.RemoteTestNG.main(RemoteTestNG.java:77)
]]>
    </failure>
  </testcase> <!-- test_JMS_Q_to_OraFin_Uplift_Provisions -->
  <system-out/>
  <testcase name="test_JMS_Q_eInvoice_to_OraFin" time="16.745" classname="com.boomi.testcases.TC_RunEveryday">
    <failure type="java.lang.AssertionError" message="null">
      <![CDATA[java.lang.AssertionError: null
at org.testng.Assert.fail(Assert.java:97)
at org.testng.Assert.fail(Assert.java:102)
at com.boomi.pages.CommonFilters.duration(CommonFilters.java:279)
at com.boomi.pages.CommonFilters.applyCommonFiltersAndFetchData(CommonFilters.java:580)
at com.boomi.testcases.TC_RunEveryday.test_JMS_Q_eInvoice_to_OraFin(TC_RunEveryday.java:228)
at sun.reflect.NativeMethodAccessorImpl.invoke0(Native Method)
at sun.reflect.NativeMethodAccessorImpl.invoke(Unknown Source)
at sun.reflect.DelegatingMethodAccessorImpl.invoke(Unknown Source)
at java.lang.reflect.Method.invoke(Unknown Source)
at org.testng.internal.MethodInvocationHelper.invokeMethod(MethodInvocationHelper.java:134)
at org.testng.internal.TestInvoker.invokeMethod(TestInvoker.java:597)
at org.testng.internal.TestInvoker.invokeTestMethod(TestInvoker.java:173)
at org.testng.internal.MethodRunner.runInSequence(MethodRunner.java:46)
at org.testng.internal.TestInvoker$MethodInvocationAgent.invoke(TestInvoker.java:816)
at org.testng.internal.TestInvoker.invokeTestMethods(TestInvoker.java:146)
at org.testng.internal.TestMethodWorker.invokeTestMethods(TestMethodWorker.java:146)
at org.testng.internal.TestMethodWorker.run(TestMethodWorker.java:128)
at java.util.ArrayList.forEach(Unknown Source)
at org.testng.TestRunner.privateRun(TestRunner.java:766)
at org.testng.TestRunner.run(TestRunner.java:587)
at org.testng.SuiteRunner.runTest(SuiteRunner.java:384)
at org.testng.SuiteRunner.runSequentially(SuiteRunner.java:378)
at org.testng.SuiteRunner.privateRun(SuiteRunner.java:337)
at org.testng.SuiteRunner.run(SuiteRunner.java:286)
at org.testng.SuiteRunnerWorker.runSuite(SuiteRunnerWorker.java:53)
at org.testng.SuiteRunnerWorker.run(SuiteRunnerWorker.java:96)
at org.testng.TestNG.runSuitesSequentially(TestNG.java:1187)
at org.testng.TestNG.runSuitesLocally(TestNG.java:1109)
at org.testng.TestNG.runSuites(TestNG.java:1039)
at org.testng.TestNG.run(TestNG.java:1007)
at org.testng.remote.AbstractRemoteTestNG.run(AbstractRemoteTestNG.java:115)
at org.testng.remote.RemoteTestNG.initAndRun(RemoteTestNG.java:251)
at org.testng.remote.RemoteTestNG.main(RemoteTestNG.java:77)
]]>
    </failure>
  </testcase> <!-- test_JMS_Q_eInvoice_to_OraFin -->
  <system-out/>
  <testcase name="test_OraFin_to_JMS_T_APRefund" time="0.000" classname="com.boomi.testcases.TC_RunEveryday">
    <skipped/>
  </testcase> <!-- test_OraFin_to_JMS_T_APRefund -->
  <system-out/>
  <testcase name="test_OraFin_to_JMS_Q_ProjectsInfo" time="0.000" classname="com.boomi.testcases.TC_RunEveryday">
    <skipped/>
  </testcase> <!-- test_OraFin_to_JMS_Q_ProjectsInfo -->
  <system-out/>
  <testcase name="test_OraFin_to_Tungsten_PurchaseOrder_Passthru" time="0.000" classname="com.boomi.testcases.TC_RunEveryday">
    <skipped/>
  </testcase> <!-- test_OraFin_to_Tungsten_PurchaseOrder_Passthru -->
  <system-out/>
  <testcase name="test_LIMS_to_CDR_SAMPLE" time="0.000" classname="com.boomi.testcases.TC_RunEveryday">
    <skipped/>
  </testcase> <!-- test_LIMS_to_CDR_SAMPLE -->
  <system-out/>
  <testcase name="test_WUB_to_OraFin_GLPosting_submitESSJobRequest" time="0.000" classname="com.boomi.testcases.TC_RunEveryday">
    <skipped/>
  </testcase> <!-- test_WUB_to_OraFin_GLPosting_submitESSJobRequest -->
  <system-out/>
  <testcase name="test_Ellipse_to_JMS_Q_WOCost_XML_WOLaborCost" time="98.503" classname="com.boomi.testcases.TC_RunEveryday"/>
  <system-out/>
  <testcase name="test_Unifier_to_JMS_ProjMiscCost" time="0.000" classname="com.boomi.testcases.TC_RunEveryday">
    <skipped/>
  </testcase> <!-- test_Unifier_to_JMS_ProjMiscCost -->
  <system-out/>
  <testcase name="test_JMS_to_OraFin_VoucherNA_Opex" time="45.306" classname="com.boomi.testcases.TC_RunEveryday"/>
  <system-out/>
  <testcase name="test_Tungsten_to_JMS_Q_eInvoiceDetails" time="0.000" classname="com.boomi.testcases.TC_RunEveryday">
    <skipped/>
  </testcase> <!-- test_Tungsten_to_JMS_Q_eInvoiceDetails -->
  <system-out/>
  <testcase name="initialization" time="22.131" classname="com.boomi.testcases.TC_RunEveryday">
    <error type="org.openqa.selenium.TimeoutException" message="timeout: Timed out receiving message from renderer: 18.206
  (Session info: chrome=87.0.4280.88)
Build info: version: &#039;3.141.59&#039;, revision: &#039;e82be7d358&#039;, time: &#039;2018-11-14T08:17:03&#039;
System info: host: &#039;LIN25002214&#039;, ip: &#039;10.246.181.162&#039;, os.name: &#039;Windows 10&#039;, os.arch: &#039;amd64&#039;, os.version: &#039;10.0&#039;, java.version: &#039;1.8.0_221&#039;
Driver info: org.openqa.selenium.chrome.ChromeDriver
Capabilities {acceptInsecureCerts: false, browserName: chrome, browserVersion: 87.0.4280.88, chrome: {chromedriverVersion: 87.0.4280.20 (c99e81631faa0..., userDataDir: C:\Users\kmahajan\AppData\L...}, goog:chromeOptions: {debuggerAddress: localhost:62581}, javascriptEnabled: true, networkConnectionEnabled: false, pageLoadStrategy: normal, platform: WINDOWS, platformName: WINDOWS, proxy: Proxy(), setWindowRect: true, strictFileInteractability: false, timeouts: {implicit: 0, pageLoad: 300000, script: 30000}, unhandledPromptBehavior: dismiss and notify, webauthn:virtualAuthenticators: true}
Session ID: facc8f46402a15bb4214252b42408191">
      <![CDATA[org.openqa.selenium.TimeoutException: timeout: Timed out receiving message from renderer: 18.206
  (Session info: chrome=87.0.4280.88)
Build info: version: '3.141.59', revision: 'e82be7d358', time: '2018-11-14T08:17:03'
System info: host: 'LIN25002214', ip: '10.246.181.162', os.name: 'Windows 10', os.arch: 'amd64', os.version: '10.0', java.version: '1.8.0_221'
Driver info: org.openqa.selenium.chrome.ChromeDriver
Capabilities {acceptInsecureCerts: false, browserName: chrome, browserVersion: 87.0.4280.88, chrome: {chromedriverVersion: 87.0.4280.20 (c99e81631faa0..., userDataDir: C:\Users\kmahajan\AppData\L...}, goog:chromeOptions: {debuggerAddress: localhost:62581}, javascriptEnabled: true, networkConnectionEnabled: false, pageLoadStrategy: normal, platform: WINDOWS, platformName: WINDOWS, proxy: Proxy(), setWindowRect: true, strictFileInteractability: false, timeouts: {implicit: 0, pageLoad: 300000, script: 30000}, unhandledPromptBehavior: dismiss and notify, webauthn:virtualAuthenticators: true}
Session ID: facc8f46402a15bb4214252b42408191
at sun.reflect.NativeConstructorAccessorImpl.newInstance0(Native Method)
at sun.reflect.NativeConstructorAccessorImpl.newInstance(Unknown Source)
at sun.reflect.DelegatingConstructorAccessorImpl.newInstance(Unknown Source)
at java.lang.reflect.Constructor.newInstance(Unknown Source)
at org.openqa.selenium.remote.http.W3CHttpResponseCodec.createException(W3CHttpResponseCodec.java:187)
at org.openqa.selenium.remote.http.W3CHttpResponseCodec.decode(W3CHttpResponseCodec.java:122)
at org.openqa.selenium.remote.http.W3CHttpResponseCodec.decode(W3CHttpResponseCodec.java:49)
at org.openqa.selenium.remote.HttpCommandExecutor.execute(HttpCommandExecutor.java:158)
at org.openqa.selenium.remote.service.DriverCommandExecutor.execute(DriverCommandExecutor.java:83)
at org.openqa.selenium.remote.RemoteWebDriver.execute(RemoteWebDriver.java:552)
at org.openqa.selenium.remote.RemoteWebDriver.get(RemoteWebDriver.java:277)
at com.boomi.base.BrowserLaunch.initialization(BrowserLaunch.java:75)
at sun.reflect.NativeMethodAccessorImpl.invoke0(Native Method)
at sun.reflect.NativeMethodAccessorImpl.invoke(Unknown Source)
at sun.reflect.DelegatingMethodAccessorImpl.invoke(Unknown Source)
at java.lang.reflect.Method.invoke(Unknown Source)
at org.testng.internal.MethodInvocationHelper.invokeMethod(MethodInvocationHelper.java:134)
at org.testng.internal.MethodInvocationHelper.invokeMethodConsideringTimeout(MethodInvocationHelper.java:63)
at org.testng.internal.ConfigInvoker.invokeConfigurationMethod(ConfigInvoker.java:348)
at org.testng.internal.ConfigInvoker.invokeConfigurations(ConfigInvoker.java:302)
at org.testng.internal.TestInvoker.runConfigMethods(TestInvoker.java:695)
at org.testng.internal.TestInvoker.invokeMethod(TestInvoker.java:523)
at org.testng.internal.TestInvoker.invokeTestMethod(TestInvoker.java:173)
at org.testng.internal.MethodRunner.runInSequence(MethodRunner.java:46)
at org.testng.internal.TestInvoker$MethodInvocationAgent.invoke(TestInvoker.java:816)
at org.testng.internal.TestInvoker.invokeTestMethods(TestInvoker.java:146)
at org.testng.internal.TestMethodWorker.invokeTestMethods(TestMethodWorker.java:146)
at org.testng.internal.TestMethodWorker.run(TestMethodWorker.java:128)
at java.util.ArrayList.forEach(Unknown Source)
at org.testng.TestRunner.privateRun(TestRunner.java:766)
at org.testng.TestRunner.run(TestRunner.java:587)
at org.testng.SuiteRunner.runTest(SuiteRunner.java:384)
at org.testng.SuiteRunner.runSequentially(SuiteRunner.java:378)
at org.testng.SuiteRunner.privateRun(SuiteRunner.java:337)
at org.testng.SuiteRunner.run(SuiteRunner.java:286)
at org.testng.SuiteRunnerWorker.runSuite(SuiteRunnerWorker.java:53)
at org.testng.SuiteRunnerWorker.run(SuiteRunnerWorker.java:96)
at org.testng.TestNG.runSuitesSequentially(TestNG.java:1187)
at org.testng.TestNG.runSuitesLocally(TestNG.java:1109)
at org.testng.TestNG.runSuites(TestNG.java:1039)
at org.testng.TestNG.run(TestNG.java:1007)
at org.testng.remote.AbstractRemoteTestNG.run(AbstractRemoteTestNG.java:115)
at org.testng.remote.RemoteTestNG.initAndRun(RemoteTestNG.java:251)
at org.testng.remote.RemoteTestNG.main(RemoteTestNG.java:77)
]]>
    </error>
  </testcase> <!-- initialization -->
  <system-out/>
  <testcase name="test_HCM_to_OraFin_User" time="42.736" classname="com.boomi.testcases.TC_RunEveryday"/>
  <system-out/>
  <testcase name="test_OraFin_to_CISP_CapitalCosts" time="0.000" classname="com.boomi.testcases.TC_RunEveryday">
    <skipped/>
  </testcase> <!-- test_OraFin_to_CISP_CapitalCosts -->
  <system-out/>
  <testcase name="test_WUB_to_OraFin_GLPosting" time="0.000" classname="com.boomi.testcases.TC_RunEveryday">
    <skipped/>
  </testcase> <!-- test_WUB_to_OraFin_GLPosting -->
  <system-out/>
  <testcase name="test_Unifier_to_JMS_VoucherNA_Opex" time="0.000" classname="com.boomi.testcases.TC_RunEveryday">
    <skipped/>
  </testcase> <!-- test_Unifier_to_JMS_VoucherNA_Opex -->
  <system-out/>
  <testcase name="test_LIMS_to_CDR_Q_UNITS" time="0.000" classname="com.boomi.testcases.TC_RunEveryday">
    <skipped/>
  </testcase> <!-- test_LIMS_to_CDR_Q_UNITS -->
  <system-out/>
  <testcase name="test_Unifier_to_JMS_VoucherNA_Capex" time="0.000" classname="com.boomi.testcases.TC_RunEveryday">
    <skipped/>
  </testcase> <!-- test_Unifier_to_JMS_VoucherNA_Capex -->
  <system-out/>
  <testcase name="test_Ls_JMS_Q_to_OraFin_RCC_Payment" time="0.000" classname="com.boomi.testcases.TC_RunEveryday">
    <skipped/>
  </testcase> <!-- test_Ls_JMS_Q_to_OraFin_RCC_Payment -->
  <system-out/>
  <testcase name="test_WUB_to_JMS_Q_NewDomesticBillDtls" time="0.000" classname="com.boomi.testcases.TC_RunEveryday">
    <skipped/>
  </testcase> <!-- test_WUB_to_JMS_Q_NewDomesticBillDtls -->
  <system-out/>
  <testcase name="test_HCM_to_OraFin_EmpMaster_Payroll" time="88.471" classname="com.boomi.testcases.TC_RunEveryday">
    <failure type="java.lang.AssertionError" message="null">
      <![CDATA[java.lang.AssertionError: null
at org.testng.Assert.fail(Assert.java:97)
at org.testng.Assert.fail(Assert.java:102)
at com.boomi.pages.CommonFilters.updateDataInExcel(CommonFilters.java:571)
at com.boomi.pages.CommonFilters.fetchDataBasedOnDate(CommonFilters.java:386)
at com.boomi.pages.CommonFilters.selectRecordAndFetchData(CommonFilters.java:415)
at com.boomi.pages.CommonFilters.applyCommonFiltersAndFetchData(CommonFilters.java:586)
at com.boomi.testcases.TC_RunEveryday.test_HCM_to_OraFin_EmpMaster_Payroll(TC_RunEveryday.java:194)
at sun.reflect.NativeMethodAccessorImpl.invoke0(Native Method)
at sun.reflect.NativeMethodAccessorImpl.invoke(Unknown Source)
at sun.reflect.DelegatingMethodAccessorImpl.invoke(Unknown Source)
at java.lang.reflect.Method.invoke(Unknown Source)
at org.testng.internal.MethodInvocationHelper.invokeMethod(MethodInvocationHelper.java:134)
at org.testng.internal.TestInvoker.invokeMethod(TestInvoker.java:597)
at org.testng.internal.TestInvoker.invokeTestMethod(TestInvoker.java:173)
at org.testng.internal.MethodRunner.runInSequence(MethodRunner.java:46)
at org.testng.internal.TestInvoker$MethodInvocationAgent.invoke(TestInvoker.java:816)
at org.testng.internal.TestInvoker.invokeTestMethods(TestInvoker.java:146)
at org.testng.internal.TestMethodWorker.invokeTestMethods(TestMethodWorker.java:146)
at org.testng.internal.TestMethodWorker.run(TestMethodWorker.java:128)
at java.util.ArrayList.forEach(Unknown Source)
at org.testng.TestRunner.privateRun(TestRunner.java:766)
at org.testng.TestRunner.run(TestRunner.java:587)
at org.testng.SuiteRunner.runTest(SuiteRunner.java:384)
at org.testng.SuiteRunner.runSequentially(SuiteRunner.java:378)
at org.testng.SuiteRunner.privateRun(SuiteRunner.java:337)
at org.testng.SuiteRunner.run(SuiteRunner.java:286)
at org.testng.SuiteRunnerWorker.runSuite(SuiteRunnerWorker.java:53)
at org.testng.SuiteRunnerWorker.run(SuiteRunnerWorker.java:96)
at org.testng.TestNG.runSuitesSequentially(TestNG.java:1187)
at org.testng.TestNG.runSuitesLocally(TestNG.java:1109)
at org.testng.TestNG.runSuites(TestNG.java:1039)
at org.testng.TestNG.run(TestNG.java:1007)
at org.testng.remote.AbstractRemoteTestNG.run(AbstractRemoteTestNG.java:115)
at org.testng.remote.RemoteTestNG.initAndRun(RemoteTestNG.java:251)
at org.testng.remote.RemoteTestNG.main(RemoteTestNG.java:77)
]]>
    </failure>
  </testcase> <!-- test_HCM_to_OraFin_EmpMaster_Payroll -->
  <system-out/>
  <testcase name="test_Update_CAPEX_WO_Activity" time="0.000" classname="com.boomi.testcases.TC_RunEveryday">
    <skipped/>
  </testcase> <!-- test_Update_CAPEX_WO_Activity -->
  <system-out/>
</testsuite> <!-- com.boomi.testcases.TC_RunEveryday -->
