<?xml version="1.0" encoding="UTF-8"?>
<!-- Generated by org.testng.reporters.JUnitReportReporter -->
<testsuite skipped="0" hostname="LIN25002214" name="com.boomi.testcases.TC_SingleData" tests="12" failures="1" timestamp="2020-12-21T10:46:07 GMT" time="2151.206" errors="0">
  <testcase name="test_WUB_to_OraFin_GLPosting" time="93.098" classname="com.boomi.testcases.TC_SingleData"/>
  <system-out/>
  <testcase name="test_Gemini_to_WUB_STBillDtls" time="127.687" classname="com.boomi.testcases.TC_SingleData"/>
  <system-out/>
  <testcase name="test_JMS_Q_to_WUB_ProjectsInfo" time="430.683" classname="com.boomi.testcases.TC_SingleData"/>
  <system-out/>
  <testcase name="test_Gemini_to_WUB_NewCustCreation" time="112.672" classname="com.boomi.testcases.TC_SingleData"/>
  <system-out/>
  <testcase name="test_WUB_to_JMS_Q_NewCustRef" time="104.619" classname="com.boomi.testcases.TC_SingleData"/>
  <system-out/>
  <testcase name="test_JMS_Q_to_Gemini_NewCustRef" time="108.655" classname="com.boomi.testcases.TC_SingleData"/>
  <system-out/>
  <testcase name="test_JMS_Q_Activity_OPEX_XML_to_Orafin" time="267.256" classname="com.boomi.testcases.TC_SingleData"/>
  <system-out/>
  <testcase name="test_Unifier_to_JMS_ProjMiscCost" time="115.827" classname="com.boomi.testcases.TC_SingleData"/>
  <system-out/>
  <testcase name="test_OraFin_to_CISP_CapitalCosts" time="61.041" classname="com.boomi.testcases.TC_SingleData"/>
  <system-out/>
  <testcase name="test_Ellipse_to_Orafin_POReceipts_test" time="313.755" classname="com.boomi.testcases.TC_SingleData">
    <failure type="java.lang.AssertionError" message="null">
      <![CDATA[java.lang.AssertionError: null
at org.testng.Assert.fail(Assert.java:97)
at org.testng.Assert.fail(Assert.java:102)
at com.boomi.pages.CommonFilters.errorMessageCapture(CommonFilters.java:243)
at com.boomi.pages.CommonFilters.fetchDataBasedOnDate(CommonFilters.java:388)
at com.boomi.pages.CommonFilters.selectRecordAndFetchData(CommonFilters.java:476)
at com.boomi.pages.CommonFilters.applyCommonFiltersAndFetchData(CommonFilters.java:586)
at com.boomi.testcases.TC_SingleData.test_Ellipse_to_Orafin_POReceipts_test(TC_SingleData.java:214)
at sun.reflect.NativeMethodAccessorImpl.invoke0(Native Method)
at sun.reflect.NativeMethodAccessorImpl.invoke(Unknown Source)
at sun.reflect.DelegatingMethodAccessorImpl.invoke(Unknown Source)
at java.lang.reflect.Method.invoke(Unknown Source)
at org.testng.internal.MethodInvocationHelper.invokeMethod(MethodInvocationHelper.java:134)
at org.testng.internal.TestInvoker.invokeMethod(TestInvoker.java:597)
at org.testng.internal.TestInvoker.invokeTestMethod(TestInvoker.java:173)
at org.testng.internal.MethodRunner.runInSequence(MethodRunner.java:46)
at org.testng.internal.TestInvoker$MethodInvocationAgent.invoke(TestInvoker.java:816)
at org.testng.internal.TestInvoker.invokeTestMethods(TestInvoker.java:146)
at org.testng.internal.TestMethodWorker.invokeTestMethods(TestMethodWorker.java:146)
at org.testng.internal.TestMethodWorker.run(TestMethodWorker.java:128)
at java.util.ArrayList.forEach(Unknown Source)
at org.testng.TestRunner.privateRun(TestRunner.java:766)
at org.testng.TestRunner.run(TestRunner.java:587)
at org.testng.SuiteRunner.runTest(SuiteRunner.java:384)
at org.testng.SuiteRunner.runSequentially(SuiteRunner.java:378)
at org.testng.SuiteRunner.privateRun(SuiteRunner.java:337)
at org.testng.SuiteRunner.run(SuiteRunner.java:286)
at org.testng.SuiteRunnerWorker.runSuite(SuiteRunnerWorker.java:53)
at org.testng.SuiteRunnerWorker.run(SuiteRunnerWorker.java:96)
at org.testng.TestNG.runSuitesSequentially(TestNG.java:1187)
at org.testng.TestNG.runSuitesLocally(TestNG.java:1109)
at org.testng.TestNG.runSuites(TestNG.java:1039)
at org.testng.TestNG.run(TestNG.java:1007)
at org.testng.remote.AbstractRemoteTestNG.run(AbstractRemoteTestNG.java:115)
at org.testng.remote.RemoteTestNG.initAndRun(RemoteTestNG.java:251)
at org.testng.remote.RemoteTestNG.main(RemoteTestNG.java:77)
]]>
    </failure>
  </testcase> <!-- test_Ellipse_to_Orafin_POReceipts_test -->
  <system-out/>
  <testcase name="test_WUB_to_JMS_Q_NewDomesticBillDtls" time="120.640" classname="com.boomi.testcases.TC_SingleData"/>
  <system-out/>
  <testcase name="test_Ls_JMS_Q_MSD365_NewDomesticBillDtls" time="295.273" classname="com.boomi.testcases.TC_SingleData"/>
  <system-out/>
</testsuite> <!-- com.boomi.testcases.TC_SingleData -->
